This is XeTeX, Version 3.14159265-2.6-0.99999 (TeX Live 2018) (preloaded format=xelatex 2018.6.20)  16 DEC 2020 09:18
entering extended mode
 restricted \write18 enabled.
 %&-line parsing enabled.
**../../vita/cvA.tex
(../../vita/cvA.tex
LaTeX2e <2018-04-01> patch level 2
Babel <3.18> and hyphenation patterns for 84 language(s) loaded.
(/usr/local/texlive/2018/texmf-dist/tex/latex/base/article.cls
Document Class: article 2014/09/29 v1.4h Standard LaTeX document class
(/usr/local/texlive/2018/texmf-dist/tex/latex/base/size11.clo
File: size11.clo 2014/09/29 v1.4h Standard LaTeX file (size option)
)
\c@part=\count80
\c@section=\count81
\c@subsection=\count82
\c@subsubsection=\count83
\c@paragraph=\count84
\c@subparagraph=\count85
\c@figure=\count86
\c@table=\count87
\abovecaptionskip=\skip41
\belowcaptionskip=\skip42
\bibindent=\dimen102
)
(/usr/local/texlive/2018/texmf-dist/tex/latex/polyglossia/polyglossia.sty
Package: polyglossia 2018/04/07 v1.43 Alternative to Babel for XeLaTeX and LuaL
aTeX

(/usr/local/texlive/2018/texmf-dist/tex/latex/etoolbox/etoolbox.sty
Package: etoolbox 2018/02/11 v2.5e e-TeX tools for LaTeX (JAW)
\etb@tempcnta=\count88
)
(/usr/local/texlive/2018/texmf-dist/tex/latex/makecmds/makecmds.sty
Package: makecmds 2009/09/03 v1.0a extra command making commands
)
(/usr/local/texlive/2018/texmf-dist/tex/latex/xkeyval/xkeyval.sty
Package: xkeyval 2014/12/03 v2.7a package option processing (HA)

(/usr/local/texlive/2018/texmf-dist/tex/generic/xkeyval/xkeyval.tex
(/usr/local/texlive/2018/texmf-dist/tex/generic/xkeyval/xkvutils.tex
\XKV@toks=\toks14
\XKV@tempa@toks=\toks15

(/usr/local/texlive/2018/texmf-dist/tex/generic/xkeyval/keyval.tex))
\XKV@depth=\count89
File: xkeyval.tex 2014/12/03 v2.7a key=value parser (HA)
))
(/usr/local/texlive/2018/texmf-dist/tex/latex/fontspec/fontspec.sty
(/usr/local/texlive/2018/texmf-dist/tex/latex/l3packages/xparse/xparse.sty
(/usr/local/texlive/2018/texmf-dist/tex/latex/l3kernel/expl3.sty
Package: expl3 2018/03/05 L3 programming layer (loader) 

(/usr/local/texlive/2018/texmf-dist/tex/latex/l3kernel/expl3-code.tex
Package: expl3 2018/03/05 L3 programming layer (code)
\c_max_int=\count90
\l_tmpa_int=\count91
\l_tmpb_int=\count92
\g_tmpa_int=\count93
\g_tmpb_int=\count94
\g__intarray_font_int=\count95
\g__prg_map_int=\count96
\c_log_iow=\count97
\l_iow_line_count_int=\count98
\l__iow_line_target_int=\count99
\l__iow_one_indent_int=\count100
\l__iow_indent_int=\count101
\c_zero_dim=\dimen103
\c_max_dim=\dimen104
\l_tmpa_dim=\dimen105
\l_tmpb_dim=\dimen106
\g_tmpa_dim=\dimen107
\g_tmpb_dim=\dimen108
\c_zero_skip=\skip43
\c_max_skip=\skip44
\l_tmpa_skip=\skip45
\l_tmpb_skip=\skip46
\g_tmpa_skip=\skip47
\g_tmpb_skip=\skip48
\c_zero_muskip=\muskip10
\c_max_muskip=\muskip11
\l_tmpa_muskip=\muskip12
\l_tmpb_muskip=\muskip13
\g_tmpa_muskip=\muskip14
\g_tmpb_muskip=\muskip15
\l_keys_choice_int=\count102
\c__fp_leading_shift_int=\count103
\c__fp_middle_shift_int=\count104
\c__fp_trailing_shift_int=\count105
\c__fp_big_leading_shift_int=\count106
\c__fp_big_middle_shift_int=\count107
\c__fp_big_trailing_shift_int=\count108
\c__fp_Bigg_leading_shift_int=\count109
\c__fp_Bigg_middle_shift_int=\count110
\c__fp_Bigg_trailing_shift_int=\count111
\l__sort_length_int=\count112
\l__sort_min_int=\count113
\l__sort_top_int=\count114
\l__sort_max_int=\count115
\l__sort_true_max_int=\count116
\l__sort_block_int=\count117
\l__sort_begin_int=\count118
\l__sort_end_int=\count119
\l__sort_A_int=\count120
\l__sort_B_int=\count121
\l__sort_C_int=\count122
\l__tl_build_start_index_int=\count123
\l__tl_build_index_int=\count124
\l__tl_analysis_normal_int=\count125
\l__tl_analysis_index_int=\count126
\l__tl_analysis_nesting_int=\count127
\l__tl_analysis_type_int=\count128
\l__regex_internal_a_int=\count129
\l__regex_internal_b_int=\count130
\l__regex_internal_c_int=\count131
\l__regex_balance_int=\count132
\l__regex_group_level_int=\count133
\l__regex_mode_int=\count134
\c__regex_cs_in_class_mode_int=\count135
\c__regex_cs_mode_int=\count136
\l__regex_catcodes_int=\count137
\l__regex_default_catcodes_int=\count138
\c__regex_catcode_L_int=\count139
\c__regex_catcode_O_int=\count140
\c__regex_catcode_A_int=\count141
\c__regex_all_catcodes_int=\count142
\l__regex_show_lines_int=\count143
\l__regex_min_state_int=\count144
\l__regex_max_state_int=\count145
\l__regex_left_state_int=\count146
\l__regex_right_state_int=\count147
\l__regex_capturing_group_int=\count148
\l__regex_min_pos_int=\count149
\l__regex_max_pos_int=\count150
\l__regex_curr_pos_int=\count151
\l__regex_start_pos_int=\count152
\l__regex_success_pos_int=\count153
\l__regex_curr_char_int=\count154
\l__regex_curr_catcode_int=\count155
\l__regex_last_char_int=\count156
\l__regex_case_changed_char_int=\count157
\l__regex_curr_state_int=\count158
\l__regex_step_int=\count159
\l__regex_min_active_int=\count160
\l__regex_max_active_int=\count161
\l__regex_replacement_csnames_int=\count162
\l__regex_match_count_int=\count163
\l__regex_min_submatch_int=\count164
\l__regex_submatch_int=\count165
\l__regex_zeroth_submatch_int=\count166
\g__regex_trace_regex_int=\count167
\c_empty_box=\box26
\l_tmpa_box=\box27
\l_tmpb_box=\box28
\g_tmpa_box=\box29
\g_tmpb_box=\box30
\l__box_top_dim=\dimen109
\l__box_bottom_dim=\dimen110
\l__box_left_dim=\dimen111
\l__box_right_dim=\dimen112
\l__box_top_new_dim=\dimen113
\l__box_bottom_new_dim=\dimen114
\l__box_left_new_dim=\dimen115
\l__box_right_new_dim=\dimen116
\l__box_internal_box=\box31
\l__coffin_internal_box=\box32
\l__coffin_internal_dim=\dimen117
\l__coffin_offset_x_dim=\dimen118
\l__coffin_offset_y_dim=\dimen119
\l__coffin_x_dim=\dimen120
\l__coffin_y_dim=\dimen121
\l__coffin_x_prime_dim=\dimen122
\l__coffin_y_prime_dim=\dimen123
\c_empty_coffin=\box33
\l__coffin_aligned_coffin=\box34
\l__coffin_aligned_internal_coffin=\box35
\l_tmpa_coffin=\box36
\l_tmpb_coffin=\box37
\l__coffin_display_coffin=\box38
\l__coffin_display_coord_coffin=\box39
\l__coffin_display_pole_coffin=\box40
\l__coffin_display_offset_dim=\dimen124
\l__coffin_display_x_dim=\dimen125
\l__coffin_display_y_dim=\dimen126
\l__coffin_bounding_shift_dim=\dimen127
\l__coffin_left_corner_dim=\dimen128
\l__coffin_right_corner_dim=\dimen129
\l__coffin_bottom_corner_dim=\dimen130
\l__coffin_top_corner_dim=\dimen131
\l__coffin_scaled_total_height_dim=\dimen132
\l__coffin_scaled_width_dim=\dimen133
)
(/usr/local/texlive/2018/texmf-dist/tex/latex/l3kernel/l3xdvipdfmx.def
File: l3xdvidpfmx.def 2017/03/18 v L3 Experimental driver: xdvipdfmx
\g__driver_image_int=\count168
))
Package: xparse 2018/02/21 L3 Experimental document command parser
\l__xparse_current_arg_int=\count169
\g__xparse_grabber_int=\count170
\l__xparse_m_args_int=\count171
\l__xparse_mandatory_args_int=\count172
\l__xparse_v_nesting_int=\count173
)
Package: fontspec 2017/11/09 v2.6g Font selection for XeLaTeX and LuaLaTeX

(/usr/local/texlive/2018/texmf-dist/tex/latex/fontspec/fontspec-xetex.sty
Package: fontspec-xetex 2017/11/09 v2.6g Font selection for XeLaTeX and LuaLaTe
X
\l__fontspec_script_int=\count174
\l__fontspec_language_int=\count175
\l__fontspec_strnum_int=\count176
\l__fontspec_tmp_int=\count177
\l__fontspec_em_int=\count178
\l__fontspec_emdef_int=\count179
\l__fontspec_strong_int=\count180
\l__fontspec_strongdef_int=\count181
\l__fontspec_tmpa_dim=\dimen134
\l__fontspec_tmpb_dim=\dimen135
\l__fontspec_tmpc_dim=\dimen136
\g__file_internal_ior=\read1

(/usr/local/texlive/2018/texmf-dist/tex/latex/base/fontenc.sty
Package: fontenc 2017/04/05 v2.0i Standard LaTeX package

(/usr/local/texlive/2018/texmf-dist/tex/latex/base/tuenc.def
File: tuenc.def 2017/04/05 v2.0i Standard LaTeX file
LaTeX Font Info:    Redeclaring font encoding TU on input line 82.
))
.................................................
. LaTeX info: "xparse/define-command"
. 
. Defining command \fontspec with sig. 'O{}mO{}' on line 542.
.................................................
.................................................
. LaTeX info: "xparse/define-command"
. 
. Defining command \setmainfont with sig. 'O{}mO{}' on line 546.
.................................................
.................................................
. LaTeX info: "xparse/define-command"
. 
. Defining command \setsansfont with sig. 'O{}mO{}' on line 550.
.................................................
.................................................
. LaTeX info: "xparse/define-command"
. 
. Defining command \setmonofont with sig. 'O{}mO{}' on line 554.
.................................................
.................................................
. LaTeX info: "xparse/define-command"
. 
. Defining command \setmathrm with sig. 'O{}mO{}' on line 558.
.................................................
.................................................
. LaTeX info: "xparse/define-command"
. 
. Defining command \setboldmathrm with sig. 'O{}mO{}' on line 562.
.................................................
.................................................
. LaTeX info: "xparse/define-command"
. 
. Defining command \setmathsf with sig. 'O{}mO{}' on line 566.
.................................................
.................................................
. LaTeX info: "xparse/define-command"
. 
. Defining command \setmathtt with sig. 'O{}mO{}' on line 570.
.................................................
.................................................
. LaTeX info: "xparse/define-command"
. 
. Defining command \setromanfont with sig. 'O{}mO{}' on line 574.
.................................................
.................................................
. LaTeX info: "xparse/define-command"
. 
. Defining command \newfontfamily with sig. 'mO{}mO{}' on line 578.
.................................................
.................................................
. LaTeX info: "xparse/define-command"
. 
. Defining command \newfontface with sig. 'mO{}mO{}' on line 582.
.................................................
.................................................
. LaTeX info: "xparse/define-command"
. 
. Defining command \defaultfontfeatures with sig. 't+om' on line 586.
.................................................
.................................................
. LaTeX info: "xparse/define-command"
. 
. Defining command \addfontfeatures with sig. 'm' on line 590.
.................................................
.................................................
. LaTeX info: "xparse/define-command"
. 
. Defining command \addfontfeature with sig. 'm' on line 594.
.................................................
.................................................
. LaTeX info: "xparse/define-command"
. 
. Defining command \newfontfeature with sig. 'mm' on line 598.
.................................................
.................................................
. LaTeX info: "xparse/define-command"
. 
. Defining command \newAATfeature with sig. 'mmmm' on line 602.
.................................................
.................................................
. LaTeX info: "xparse/define-command"
. 
. Defining command \newopentypefeature with sig. 'mmm' on line 606.
.................................................
.................................................
. LaTeX info: "xparse/define-command"
. 
. Defining command \newICUfeature with sig. 'mmm' on line 610.
.................................................
.................................................
. LaTeX info: "xparse/define-command"
. 
. Defining command \aliasfontfeature with sig. 'mm' on line 614.
.................................................
.................................................
. LaTeX info: "xparse/define-command"
. 
. Defining command \aliasfontfeatureoption with sig. 'mmm' on line 618.
.................................................
.................................................
. LaTeX info: "xparse/define-command"
. 
. Defining command \newfontscript with sig. 'mm' on line 622.
.................................................
.................................................
. LaTeX info: "xparse/define-command"
. 
. Defining command \newfontlanguage with sig. 'mm' on line 626.
.................................................
.................................................
. LaTeX info: "xparse/define-command"
. 
. Defining command \DeclareFontsExtensions with sig. 'm' on line 630.
.................................................
.................................................
. LaTeX info: "xparse/define-command"
. 
. Defining command \IfFontFeatureActiveTF with sig. 'mmm' on line 634.
.................................................
.................................................
. LaTeX info: "xparse/define-command"
. 
. Defining command \EncodingCommand with sig. 'mO{}m' on line 3632.
.................................................
.................................................
. LaTeX info: "xparse/define-command"
. 
. Defining command \EncodingAccent with sig. 'mm' on line 3638.
.................................................
.................................................
. LaTeX info: "xparse/define-command"
. 
. Defining command \EncodingSymbol with sig. 'mm' on line 3644.
.................................................
.................................................
. LaTeX info: "xparse/define-command"
. 
. Defining command \EncodingComposite with sig. 'mmm' on line 3650.
.................................................
.................................................
. LaTeX info: "xparse/define-command"
. 
. Defining command \EncodingCompositeCommand with sig. 'mmm' on line 3656.
.................................................
.................................................
. LaTeX info: "xparse/define-command"
. 
. Defining command \DeclareUnicodeEncoding with sig. 'mm' on line 3681.
.................................................
.................................................
. LaTeX info: "xparse/define-command"
. 
. Defining command \UndeclareSymbol with sig. 'm' on line 3687.
.................................................
.................................................
. LaTeX info: "xparse/define-command"
. 
. Defining command \UndeclareAccent with sig. 'm' on line 3693.
.................................................
.................................................
. LaTeX info: "xparse/define-command"
. 
. Defining command \UndeclareCommand with sig. 'm' on line 3699.
.................................................
.................................................
. LaTeX info: "xparse/define-command"
. 
. Defining command \UndeclareComposite with sig. 'mm' on line 3706.
.................................................

(/usr/local/texlive/2018/texmf-dist/tex/latex/fontspec/fontspec.cfg)
LaTeX Info: Redefining \itshape on input line 3891.
LaTeX Info: Redefining \slshape on input line 3896.
LaTeX Info: Redefining \scshape on input line 3901.
LaTeX Info: Redefining \upshape on input line 3906.
LaTeX Info: Redefining \em on input line 3936.
LaTeX Info: Redefining \emph on input line 3961.
LaTeX Info: Redefining \- on input line 4015.
.................................................
. LaTeX info: "xparse/redefine-command"
. 
. Redefining command \oldstylenums with sig. 'm' on line 4110.
.................................................
.................................................
. LaTeX info: "xparse/define-command"
. 
. Defining command \liningnums with sig. 'm' on line 4114.
.................................................
))
(/usr/local/texlive/2018/texmf-dist/tex/generic/oberdiek/ifluatex.sty
Package: ifluatex 2016/05/16 v1.4 Provides the ifluatex switch (HO)
Package ifluatex Info: LuaTeX not detected.
)
(/usr/local/texlive/2018/texmf-dist/tex/generic/ifxetex/ifxetex.sty
Package: ifxetex 2010/09/12 v0.6 Provides ifxetex conditional
)
\xpg@normalclass=\XeTeXcharclass1
)
(/usr/local/texlive/2018/texmf-dist/tex/latex/polyglossia/gloss-italian.ldf
File: gloss-italian.ldf polyglossia: module for italian

(/usr/local/texlive/2018/texmf-dist/tex/latex/polyglossia/babelsh.def
File: babelsh.def 2013/04/30 Babel common definitions for shorthands
 Taken verbatim from babel.def (2013/04/15 v3.9e)
)
Package polyglossia Info: Making " an active character on input line 24.
)
Package polyglossia Info: Default language is italian.

(/usr/local/texlive/2018/texmf-dist/tex/latex/geometry/geometry.sty
Package: geometry 2018/03/24 v5.7 Page Geometry

(/usr/local/texlive/2018/texmf-dist/tex/generic/oberdiek/ifpdf.sty
Package: ifpdf 2017/03/15 v3.2 Provides the ifpdf switch
)
(/usr/local/texlive/2018/texmf-dist/tex/generic/oberdiek/ifvtex.sty
Package: ifvtex 2016/05/16 v1.6 Detect VTeX and its facilities (HO)
Package ifvtex Info: VTeX not detected.
)
\Gm@cnth=\count182
\Gm@cntv=\count183
\c@Gm@tempcnt=\count184
\Gm@bindingoffset=\dimen137
\Gm@wd@mp=\dimen138
\Gm@odd@mp=\dimen139
\Gm@even@mp=\dimen140
\Gm@layoutwidth=\dimen141
\Gm@layoutheight=\dimen142
\Gm@layouthoffset=\dimen143
\Gm@layoutvoffset=\dimen144
\Gm@dimlist=\toks16
)
(/usr/local/texlive/2018/texmf-dist/tex/latex/sectsty/sectsty.sty
Package: sectsty 2002/02/25 v2.0.2 Commands to change all sectional heading sty
les
)
(/usr/local/texlive/2018/texmf-dist/tex/generic/ulem/ulem.sty
\UL@box=\box41
\UL@hyphenbox=\box42
\UL@skip=\skip49
\UL@hook=\toks17
\UL@height=\dimen145
\UL@pe=\count185
\UL@pixel=\dimen146
\ULC@box=\box43
Package: ulem 2012/05/18
\ULdepth=\dimen147
)
(/usr/local/texlive/2018/texmf-dist/tex/xelatex/xunicode/xunicode.sty
File: xunicode.sty 2011/09/09 v0.981 provides access to latin accents and many 
other characters in Unicode lower plane

(/usr/local/texlive/2018/texmf-dist/tex/latex/tipa/t3enc.def
File: t3enc.def 2001/12/31 T3 encoding
)
\tipaTiiicode=\count186
\tipasavetokens=\toks18
\tipachecktokens=\toks19

(/usr/local/texlive/2018/texmf-dist/tex/latex/graphics/graphicx.sty
Package: graphicx 2017/06/01 v1.1a Enhanced LaTeX Graphics (DPC,SPQR)

(/usr/local/texlive/2018/texmf-dist/tex/latex/graphics/graphics.sty
Package: graphics 2017/06/25 v1.2c Standard LaTeX Graphics (DPC,SPQR)

(/usr/local/texlive/2018/texmf-dist/tex/latex/graphics/trig.sty
Package: trig 2016/01/03 v1.10 sin cos tan (DPC)
)
(/usr/local/texlive/2018/texmf-dist/tex/latex/graphics-cfg/graphics.cfg
File: graphics.cfg 2016/06/04 v1.11 sample graphics configuration
)
Package graphics Info: Driver file: xetex.def on input line 99.

(/usr/local/texlive/2018/texmf-dist/tex/latex/graphics-def/xetex.def
File: xetex.def 2017/06/24 v5.0h Graphics/color driver for xetex
))
\Gin@req@height=\dimen148
\Gin@req@width=\dimen149
))
(/usr/local/texlive/2018/texmf-dist/tex/latex/marginnote/marginnote.sty
Package: marginnote 2017/04/22 v1.2b non floating margin notes for LaTeX
\c@mn@abspage=\count187
)
(/usr/local/texlive/2018/texmf-dist/tex/latex/xcolor/xcolor.sty
Package: xcolor 2016/05/11 v2.12 LaTeX color extensions (UK)

(/usr/local/texlive/2018/texmf-dist/tex/latex/graphics-cfg/color.cfg
File: color.cfg 2016/01/02 v1.6 sample color configuration
)
Package xcolor Info: Driver file: xetex.def on input line 225.
Package xcolor Info: Model `cmy' substituted by `cmy0' on input line 1348.
Package xcolor Info: Model `RGB' extended on input line 1364.
Package xcolor Info: Model `HTML' substituted by `rgb' on input line 1366.
Package xcolor Info: Model `Hsb' substituted by `hsb' on input line 1367.
Package xcolor Info: Model `tHsb' substituted by `hsb' on input line 1368.
Package xcolor Info: Model `HSB' substituted by `hsb' on input line 1369.
Package xcolor Info: Model `Gray' substituted by `gray' on input line 1370.
Package xcolor Info: Model `wave' substituted by `hsb' on input line 1371.

(/usr/local/texlive/2018/texmf-dist/tex/latex/graphics/dvipsnam.def
File: dvipsnam.def 2016/06/17 v3.0m Driver-dependent file (DPC,SPQR)
))
(/usr/local/texlive/2018/texmf-dist/tex/latex/hyperref/hyperref.sty
Package: hyperref 2018/02/06 v6.86b Hypertext links for LaTeX

(/usr/local/texlive/2018/texmf-dist/tex/generic/oberdiek/hobsub-hyperref.sty
Package: hobsub-hyperref 2016/05/16 v1.14 Bundle oberdiek, subset hyperref (HO)


(/usr/local/texlive/2018/texmf-dist/tex/generic/oberdiek/hobsub-generic.sty
Package: hobsub-generic 2016/05/16 v1.14 Bundle oberdiek, subset generic (HO)
Package: hobsub 2016/05/16 v1.14 Construct package bundles (HO)
Package: infwarerr 2016/05/16 v1.4 Providing info/warning/error messages (HO)
Package: ltxcmds 2016/05/16 v1.23 LaTeX kernel commands for general use (HO)
Package hobsub Info: Skipping package `ifluatex' (already loaded).
Package hobsub Info: Skipping package `ifvtex' (already loaded).
Package: intcalc 2016/05/16 v1.2 Expandable calculations with integers (HO)
Package hobsub Info: Skipping package `ifpdf' (already loaded).
Package: etexcmds 2016/05/16 v1.6 Avoid name clashes with e-TeX commands (HO)
Package etexcmds Info: Could not find \expanded.
(etexcmds)             That can mean that you are not using pdfTeX 1.50 or
(etexcmds)             that some package has redefined \expanded.
(etexcmds)             In the latter case, load this package earlier.
Package: kvsetkeys 2016/05/16 v1.17 Key value parser (HO)
Package: kvdefinekeys 2016/05/16 v1.4 Define keys (HO)
Package: pdftexcmds 2018/01/30 v0.27 Utility functions of pdfTeX for LuaTeX (HO
)
Package pdftexcmds Info: LuaTeX not detected.
Package pdftexcmds Info: pdfTeX >= 1.30 not detected.
Package pdftexcmds Info: \pdf@primitive is available.
Package pdftexcmds Info: \pdf@ifprimitive is available.
Package pdftexcmds Info: \pdfdraftmode not found.
Package: pdfescape 2016/05/16 v1.14 Implements pdfTeX's escape features (HO)
Package: bigintcalc 2016/05/16 v1.4 Expandable calculations on big integers (HO
)
Package: bitset 2016/05/16 v1.2 Handle bit-vector datatype (HO)
Package: uniquecounter 2016/05/16 v1.3 Provide unlimited unique counter (HO)
)
Package hobsub Info: Skipping package `hobsub' (already loaded).
Package: letltxmacro 2016/05/16 v1.5 Let assignment for LaTeX macros (HO)
Package: hopatch 2016/05/16 v1.3 Wrapper for package hooks (HO)
Package: xcolor-patch 2016/05/16 xcolor patch
Package: atveryend 2016/05/16 v1.9 Hooks at the very end of document (HO)
Package: atbegshi 2016/06/09 v1.18 At begin shipout hook (HO)
Package: refcount 2016/05/16 v3.5 Data extraction from label references (HO)
Package: hycolor 2016/05/16 v1.8 Color options for hyperref/bookmark (HO)
)
(/usr/local/texlive/2018/texmf-dist/tex/latex/oberdiek/auxhook.sty
Package: auxhook 2016/05/16 v1.4 Hooks for auxiliary files (HO)
)
(/usr/local/texlive/2018/texmf-dist/tex/latex/oberdiek/kvoptions.sty
Package: kvoptions 2016/05/16 v3.12 Key value format for package options (HO)
)
\@linkdim=\dimen150
\Hy@linkcounter=\count188
\Hy@pagecounter=\count189

(/usr/local/texlive/2018/texmf-dist/tex/latex/hyperref/pd1enc.def
File: pd1enc.def 2018/02/06 v6.86b Hyperref: PDFDocEncoding definition (HO)
)
\Hy@SavedSpaceFactor=\count190

(/usr/local/texlive/2018/texmf-dist/tex/latex/latexconfig/hyperref.cfg
File: hyperref.cfg 2002/06/06 v1.2 hyperref configuration of TeXLive
)
Package hyperref Info: Option `bookmarks' set `true' on input line 4383.
Package hyperref Info: Option `colorlinks' set `true' on input line 4383.
Package hyperref Info: Option `breaklinks' set `true' on input line 4383.


Package hyperref Warning: XeTeX driver only supports unicode.
(hyperref)                Enabling option `unicode'.

Package hyperref Info: Option `unicode' set `true' on input line 4383.
(/usr/local/texlive/2018/texmf-dist/tex/latex/hyperref/puenc.def
File: puenc.def 2018/02/06 v6.86b Hyperref: PDF Unicode definition (HO)
)
Package hyperref Info: Hyper figures OFF on input line 4509.
Package hyperref Info: Link nesting OFF on input line 4514.
Package hyperref Info: Hyper index ON on input line 4517.
Package hyperref Info: Plain pages OFF on input line 4524.
Package hyperref Info: Backreferencing OFF on input line 4529.
Package hyperref Info: Implicit mode ON; LaTeX internals redefined.
Package hyperref Info: Bookmarks ON on input line 4762.
\c@Hy@tempcnt=\count191

(/usr/local/texlive/2018/texmf-dist/tex/latex/url/url.sty
\Urlmuskip=\muskip16
Package: url 2013/09/16  ver 3.4  Verb mode for urls, etc.
)
LaTeX Info: Redefining \url on input line 5115.
\XeTeXLinkMargin=\dimen151
\Fld@menulength=\count192
\Field@Width=\dimen152
\Fld@charsize=\dimen153
Package hyperref Info: Hyper figures OFF on input line 6369.
Package hyperref Info: Link nesting OFF on input line 6374.
Package hyperref Info: Hyper index ON on input line 6377.
Package hyperref Info: backreferencing OFF on input line 6384.
Package hyperref Info: Link coloring ON on input line 6387.
Package hyperref Info: Link coloring with OCG OFF on input line 6394.
Package hyperref Info: PDF/A mode OFF on input line 6399.
LaTeX Info: Redefining \ref on input line 6439.
LaTeX Info: Redefining \pageref on input line 6443.
\Hy@abspage=\count193
\c@Item=\count194
\c@Hfootnote=\count195
)
Package hyperref Info: Driver: hxetex.

(/usr/local/texlive/2018/texmf-dist/tex/latex/hyperref/hxetex.def
File: hxetex.def 2018/02/06 v6.86b Hyperref driver for XeTeX

(/usr/local/texlive/2018/texmf-dist/tex/generic/oberdiek/stringenc.sty
Package: stringenc 2016/05/16 v1.11 Convert strings between diff. encodings (HO
)
)
\pdfm@box=\box44
\c@Hy@AnnotLevel=\count196
\HyField@AnnotCount=\count197
\Fld@listcount=\count198
\c@bookmark@seq@number=\count199

(/usr/local/texlive/2018/texmf-dist/tex/latex/oberdiek/rerunfilecheck.sty
Package: rerunfilecheck 2016/05/16 v1.8 Rerun checks for auxiliary files (HO)
Package uniquecounter Info: New unique counter `rerunfilecheck' on input line 2
82.
)
\Hy@SectionHShift=\skip50
)
(/usr/local/texlive/2018/texmf-dist/tex/latex/tools/tabularx.sty
Package: tabularx 2016/02/03 v2.11b `tabularx' package (DPC)

(/usr/local/texlive/2018/texmf-dist/tex/latex/tools/array.sty
Package: array 2018/04/07 v2.4g Tabular extension package (FMi)
\col@sep=\dimen154
\ar@mcellbox=\box45
\extrarowheight=\dimen155
\NC@list=\toks20
\extratabsurround=\skip51
\backup@length=\skip52
\ar@cellbox=\box46
)
\TX@col@width=\dimen156
\TX@old@table=\dimen157
\TX@old@col=\dimen158
\TX@target=\dimen159
\TX@delta=\dimen160
\TX@cols=\count266
\TX@ftn=\toks21
) (./cvA.aux)
\openout1 = `cvA.aux'.

LaTeX Font Info:    Checking defaults for OML/cmm/m/it on input line 78.
LaTeX Font Info:    ... okay on input line 78.
LaTeX Font Info:    Checking defaults for T1/cmr/m/n on input line 78.
LaTeX Font Info:    ... okay on input line 78.
LaTeX Font Info:    Checking defaults for OT1/cmr/m/n on input line 78.
LaTeX Font Info:    ... okay on input line 78.
LaTeX Font Info:    Checking defaults for OMS/cmsy/m/n on input line 78.
LaTeX Font Info:    ... okay on input line 78.
LaTeX Font Info:    Checking defaults for TU/lmr/m/n on input line 78.
LaTeX Font Info:    ... okay on input line 78.
LaTeX Font Info:    Checking defaults for OMX/cmex/m/n on input line 78.
LaTeX Font Info:    ... okay on input line 78.
LaTeX Font Info:    Checking defaults for U/cmr/m/n on input line 78.
LaTeX Font Info:    ... okay on input line 78.
LaTeX Font Info:    Checking defaults for T3/cmr/m/n on input line 78.
LaTeX Font Info:    Try loading font information for T3+cmr on input line 78.

(/usr/local/texlive/2018/texmf-dist/tex/latex/tipa/t3cmr.fd
File: t3cmr.fd 2001/12/31 TIPA font definitions
)
LaTeX Font Info:    ... okay on input line 78.
LaTeX Font Info:    Checking defaults for PD1/pdf/m/n on input line 78.
LaTeX Font Info:    ... okay on input line 78.
LaTeX Font Info:    Checking defaults for PU/pdf/m/n on input line 78.
LaTeX Font Info:    ... okay on input line 78.
.................................................
. fontspec info: "setup-math"
. 
. Adjusting the maths setup (use [no-math] to avoid this).
.................................................
\symlegacymaths=\mathgroup4
LaTeX Font Info:    Overwriting symbol font `legacymaths' in version `bold'
(Font)                  OT1/cmr/m/n --> OT1/cmr/bx/n on input line 78.
LaTeX Font Info:    Redeclaring math accent \acute on input line 78.
LaTeX Font Info:    Redeclaring math accent \grave on input line 78.
LaTeX Font Info:    Redeclaring math accent \ddot on input line 78.
LaTeX Font Info:    Redeclaring math accent \tilde on input line 78.
LaTeX Font Info:    Redeclaring math accent \bar on input line 78.
LaTeX Font Info:    Redeclaring math accent \breve on input line 78.
LaTeX Font Info:    Redeclaring math accent \check on input line 78.
LaTeX Font Info:    Redeclaring math accent \hat on input line 78.
LaTeX Font Info:    Redeclaring math accent \dot on input line 78.
LaTeX Font Info:    Redeclaring math accent \mathring on input line 78.
LaTeX Font Info:    Redeclaring math symbol \colon on input line 78.
LaTeX Font Info:    Redeclaring math symbol \Gamma on input line 78.
LaTeX Font Info:    Redeclaring math symbol \Delta on input line 78.
LaTeX Font Info:    Redeclaring math symbol \Theta on input line 78.
LaTeX Font Info:    Redeclaring math symbol \Lambda on input line 78.
LaTeX Font Info:    Redeclaring math symbol \Xi on input line 78.
LaTeX Font Info:    Redeclaring math symbol \Pi on input line 78.
LaTeX Font Info:    Redeclaring math symbol \Sigma on input line 78.
LaTeX Font Info:    Redeclaring math symbol \Upsilon on input line 78.
LaTeX Font Info:    Redeclaring math symbol \Phi on input line 78.
LaTeX Font Info:    Redeclaring math symbol \Psi on input line 78.
LaTeX Font Info:    Redeclaring math symbol \Omega on input line 78.
LaTeX Font Info:    Redeclaring math symbol \mathdollar on input line 78.
LaTeX Font Info:    Redeclaring symbol font `operators' on input line 78.
LaTeX Font Info:    Encoding `OT1' has changed to `TU' for symbol font
(Font)              `operators' in the math version `normal' on input line 78.
LaTeX Font Info:    Overwriting symbol font `operators' in version `normal'
(Font)                  OT1/cmr/m/n --> TU/lmr/m/n on input line 78.
LaTeX Font Info:    Encoding `OT1' has changed to `TU' for symbol font
(Font)              `operators' in the math version `bold' on input line 78.
LaTeX Font Info:    Overwriting symbol font `operators' in version `bold'
(Font)                  OT1/cmr/bx/n --> TU/lmr/m/n on input line 78.
LaTeX Font Info:    Overwriting symbol font `operators' in version `normal'
(Font)                  TU/lmr/m/n --> TU/lmr/m/n on input line 78.
LaTeX Font Info:    Overwriting math alphabet `\mathit' in version `normal'
(Font)                  OT1/cmr/m/it --> TU/lmr/m/it on input line 78.
LaTeX Font Info:    Overwriting math alphabet `\mathbf' in version `normal'
(Font)                  OT1/cmr/bx/n --> TU/lmr/bx/n on input line 78.
LaTeX Font Info:    Overwriting math alphabet `\mathsf' in version `normal'
(Font)                  OT1/cmss/m/n --> TU/lmss/m/n on input line 78.
LaTeX Font Info:    Overwriting math alphabet `\mathtt' in version `normal'
(Font)                  OT1/cmtt/m/n --> TU/lmtt/m/n on input line 78.
LaTeX Font Info:    Overwriting symbol font `operators' in version `bold'
(Font)                  TU/lmr/m/n --> TU/lmr/bx/n on input line 78.
LaTeX Font Info:    Overwriting math alphabet `\mathit' in version `bold'
(Font)                  OT1/cmr/bx/it --> TU/lmr/bx/it on input line 78.
LaTeX Font Info:    Overwriting math alphabet `\mathsf' in version `bold'
(Font)                  OT1/cmss/bx/n --> TU/lmss/bx/n on input line 78.
LaTeX Font Info:    Overwriting math alphabet `\mathtt' in version `bold'
(Font)                  OT1/cmtt/m/n --> TU/lmtt/bx/n on input line 78.

*geometry* driver: auto-detecting
*geometry* detected driver: xetex
*geometry* verbose mode - [ preamble ] result:
* driver: xetex
* paper: a4paper
* layout: <same size as paper>
* layoutoffset:(h,v)=(0.0pt,0.0pt)
* modes: 
* h-part:(L,W,R)=(100.01144pt, 397.48499pt, 100.01144pt)
* v-part:(T,H,B)=(92.30072pt, 614.295pt, 138.45113pt)
* \paperwidth=597.50787pt
* \paperheight=845.04684pt
* \textwidth=397.48499pt
* \textheight=614.295pt
* \oddsidemargin=27.74146pt
* \evensidemargin=27.74146pt
* \topmargin=-16.96927pt
* \headheight=12.0pt
* \headsep=25.0pt
* \topskip=11.0pt
* \footskip=30.0pt
* \marginparwidth=43.36243pt
* \marginparsep=7.0pt
* \columnsep=10.0pt
* \skip\footins=10.0pt plus 4.0pt minus 2.0pt
* \hoffset=0.0pt
* \voffset=0.0pt
* \mag=1000
* \@twocolumnfalse
* \@twosidefalse
* \@mparswitchfalse
* \@reversemargintrue
* (1in=72.27pt=25.4mm, 1cm=28.453pt)

Package marginnote Info: \pdfoutput not 0 or unimportant and
(marginnote)             \pdflastxpos or \lastxpos available.
(marginnote)             Extended position detection mode activated.
\AtBeginShipoutBox=\box47
Package hyperref Info: Link coloring ON on input line 78.
(/usr/local/texlive/2018/texmf-dist/tex/latex/hyperref/nameref.sty
Package: nameref 2016/05/21 v2.44 Cross-referencing by name of section

(/usr/local/texlive/2018/texmf-dist/tex/generic/oberdiek/gettitlestring.sty
Package: gettitlestring 2016/05/16 v1.5 Cleanup title references (HO)
)
\c@section@level=\count267
)
LaTeX Info: Redefining \ref on input line 78.
LaTeX Info: Redefining \pageref on input line 78.
LaTeX Info: Redefining \nameref on input line 78.

(./cvA.out) (./cvA.out)
\@outlinefile=\write3
\openout3 = `cvA.out'.


Underfull \hbox (badness 10000) in paragraph at lines 92--96

 []


Underfull \hbox (badness 10000) in paragraph at lines 97--101

 []


Underfull \hbox (badness 10000) in paragraph at lines 104--108

 []


LaTeX Font Warning: Font shape `TU/lmr/bx/sc' undefined
(Font)              using `TU/lmr/bx/n' instead on input line 139.

Package marginnote Info: Margin note 1.1 is on absolute page 1
(marginnote)              on input line 141.
Package marginnote Info: right page because not two side mode on input line 141
.
Package marginnote Info: xpos seems to be 100.01144pt,
(marginnote)             \marginnoteleftadjust ignored on input line 141.

Underfull \hbox (badness 10000) in paragraph at lines 141--143

 []

Package marginnote Info: Margin note 1.2 is on absolute page 1
(marginnote)              on input line 144.
Package marginnote Info: right page because not two side mode on input line 144
.
Package marginnote Info: xpos seems to be 100.01144pt,
(marginnote)             \marginnoteleftadjust ignored on input line 144.

Underfull \hbox (badness 10000) in paragraph at lines 144--146

 []

Package marginnote Info: Margin note 1.3 is on absolute page 1
(marginnote)              on input line 147.
Package marginnote Info: right page because not two side mode on input line 147
.
Package marginnote Info: xpos seems to be 100.01144pt,
(marginnote)             \marginnoteleftadjust ignored on input line 147.

Underfull \hbox (badness 10000) in paragraph at lines 147--149

 []

Package marginnote Info: Margin note 1.4 is on absolute page 1
(marginnote)              on input line 170.
Package marginnote Info: right page because not two side mode on input line 170
.
Package marginnote Info: xpos seems to be 100.01144pt,
(marginnote)             \marginnoteleftadjust ignored on input line 170.

Underfull \hbox (badness 10000) in paragraph at lines 170--176

 []

Package marginnote Info: Margin note 1.5 is on absolute page 1
(marginnote)              on input line 177.
Package marginnote Info: right page because not two side mode on input line 177
.
Package marginnote Info: xpos seems to be 100.01144pt,
(marginnote)             \marginnoteleftadjust ignored on input line 177.

Underfull \hbox (badness 10000) in paragraph at lines 177--183

 []

Package marginnote Info: Margin note 1.6 is on absolute page 1
(marginnote)              on input line 184.
Package marginnote Info: right page because not two side mode on input line 184
.
Package marginnote Info: xpos seems to be 100.01144pt,
(marginnote)             \marginnoteleftadjust ignored on input line 184.

Underfull \hbox (badness 10000) in paragraph at lines 184--190

 []

Package marginnote Info: Margin note 1.7 is on absolute page 2
(marginnote)              on input line 193.
Package marginnote Info: right page because not two side mode on input line 193
.
Package marginnote Info: xpos seems to be 100.01144pt,
(marginnote)             \marginnoteleftadjust ignored on input line 193.
[1

]
Underfull \hbox (badness 10000) in paragraph at lines 193--201

 []

Package marginnote Info: Margin note 2.1 is on absolute page 2
(marginnote)              on input line 205.
Package marginnote Info: right page because not two side mode on input line 205
.
Package marginnote Info: xpos seems to be 100.01144pt,
(marginnote)             \marginnoteleftadjust ignored on input line 205.

Underfull \hbox (badness 10000) in paragraph at lines 205--216

 []

Package marginnote Info: Margin note 2.2 is on absolute page 2
(marginnote)              on input line 219.
Package marginnote Info: right page because not two side mode on input line 219
.
Package marginnote Info: xpos seems to be 100.01144pt,
(marginnote)             \marginnoteleftadjust ignored on input line 219.
Package marginnote Info: Margin note 2.3 is on absolute page 2
(marginnote)              on input line 226.
Package marginnote Info: right page because not two side mode on input line 226
.
Package marginnote Info: xpos seems to be 100.01144pt,
(marginnote)             \marginnoteleftadjust ignored on input line 226.
Package marginnote Info: Margin note 2.4 is on absolute page 2
(marginnote)              on input line 235.
Package marginnote Info: right page because not two side mode on input line 235
.
Package marginnote Info: xpos seems to be 100.01144pt,
(marginnote)             \marginnoteleftadjust ignored on input line 235.

Underfull \hbox (badness 10000) in paragraph at lines 235--236

 []


Underfull \hbox (badness 10000) in paragraph at lines 237--238

 []


Underfull \hbox (badness 10000) in paragraph at lines 239--240

 []


Underfull \hbox (badness 10000) in paragraph at lines 241--243

 []

Package marginnote Info: Margin note 2.5 is on absolute page 2
(marginnote)              on input line 244.
Package marginnote Info: right page because not two side mode on input line 244
.
Package marginnote Info: xpos seems to be 100.01144pt,
(marginnote)             \marginnoteleftadjust ignored on input line 244.
LaTeX Font Info:    External font `cmex10' loaded for size
(Font)              <10.95> on input line 244.
LaTeX Font Info:    External font `cmex10' loaded for size
(Font)              <8> on input line 244.
LaTeX Font Info:    External font `cmex10' loaded for size
(Font)              <6> on input line 244.

Underfull \hbox (badness 10000) in paragraph at lines 244--245

 []

Package marginnote Info: Margin note 2.6 is on absolute page 3
(marginnote)              on input line 246.
Package marginnote Info: right page because not two side mode on input line 246
.
Package marginnote Info: xpos seems to be 100.01144pt,
(marginnote)             \marginnoteleftadjust ignored on input line 246.
[2]
Underfull \hbox (badness 10000) in paragraph at lines 246--247

 []


Underfull \hbox (badness 10000) in paragraph at lines 248--249

 []

Package marginnote Info: Margin note 3.1 is on absolute page 3
(marginnote)              on input line 250.
Package marginnote Info: right page because not two side mode on input line 250
.
Package marginnote Info: xpos seems to be 100.01144pt,
(marginnote)             \marginnoteleftadjust ignored on input line 250.

Underfull \hbox (badness 10000) in paragraph at lines 250--251

 []

Package marginnote Info: Margin note 3.2 is on absolute page 3
(marginnote)              on input line 252.
Package marginnote Info: right page because not two side mode on input line 252
.
Package marginnote Info: xpos seems to be 100.01144pt,
(marginnote)             \marginnoteleftadjust ignored on input line 252.
Package marginnote Info: Margin note 3.3 is on absolute page 3
(marginnote)              on input line 255.
Package marginnote Info: right page because not two side mode on input line 255
.
Package marginnote Info: xpos seems to be 100.01144pt,
(marginnote)             \marginnoteleftadjust ignored on input line 255.

Underfull \hbox (badness 10000) in paragraph at lines 255--256

 []

Package marginnote Info: Margin note 3.4 is on absolute page 3
(marginnote)              on input line 257.
Package marginnote Info: right page because not two side mode on input line 257
.
Package marginnote Info: xpos seems to be 100.01144pt,
(marginnote)             \marginnoteleftadjust ignored on input line 257.

Underfull \hbox (badness 10000) in paragraph at lines 257--258

 []


Underfull \hbox (badness 10000) in paragraph at lines 259--260

 []

Package marginnote Info: Margin note 3.5 is on absolute page 3
(marginnote)              on input line 264.
Package marginnote Info: right page because not two side mode on input line 264
.
Package marginnote Info: xpos seems to be 100.01144pt,
(marginnote)             \marginnoteleftadjust ignored on input line 264.
Package marginnote Info: Margin note 3.6 is on absolute page 3
(marginnote)              on input line 267.
Package marginnote Info: right page because not two side mode on input line 267
.
Package marginnote Info: xpos seems to be 100.01144pt,
(marginnote)             \marginnoteleftadjust ignored on input line 267.
[3]
Package marginnote Info: Margin note 4.1 is on absolute page 4
(marginnote)              on input line 273.
Package marginnote Info: right page because not two side mode on input line 273
.
Package marginnote Info: xpos seems to be 100.01144pt,
(marginnote)             \marginnoteleftadjust ignored on input line 273.

Underfull \hbox (badness 10000) in paragraph at lines 273--274

 []

Package marginnote Info: Margin note 4.2 is on absolute page 4
(marginnote)              on input line 275.
Package marginnote Info: right page because not two side mode on input line 275
.
Package marginnote Info: xpos seems to be 100.01144pt,
(marginnote)             \marginnoteleftadjust ignored on input line 275.

Underfull \hbox (badness 10000) in paragraph at lines 275--276

 []


Underfull \hbox (badness 10000) in paragraph at lines 277--278

 []


Underfull \hbox (badness 10000) in paragraph at lines 279--280

 []

Package marginnote Info: Margin note 4.3 is on absolute page 4
(marginnote)              on input line 281.
Package marginnote Info: right page because not two side mode on input line 281
.
Package marginnote Info: xpos seems to be 100.01144pt,
(marginnote)             \marginnoteleftadjust ignored on input line 281.

Underfull \hbox (badness 10000) in paragraph at lines 281--282

 []


Underfull \hbox (badness 10000) in paragraph at lines 283--284

 []


Underfull \hbox (badness 10000) in paragraph at lines 285--288

 []


Underfull \hbox (badness 10000) in paragraph at lines 289--290

 []

Package marginnote Info: Margin note 4.4 is on absolute page 4
(marginnote)              on input line 291.
Package marginnote Info: right page because not two side mode on input line 291
.
Package marginnote Info: xpos seems to be 100.01144pt,
(marginnote)             \marginnoteleftadjust ignored on input line 291.

Underfull \hbox (badness 10000) in paragraph at lines 291--292

 []

[4]
Underfull \hbox (badness 10000) in paragraph at lines 293--294

 []


Underfull \hbox (badness 10000) in paragraph at lines 295--296

 []


Underfull \hbox (badness 10000) in paragraph at lines 297--298

 []


Underfull \hbox (badness 10000) in paragraph at lines 299--300

 []


Underfull \hbox (badness 10000) in paragraph at lines 301--302

 []

Package marginnote Info: Margin note 5.1 is on absolute page 5
(marginnote)              on input line 303.
Package marginnote Info: right page because not two side mode on input line 303
.
Package marginnote Info: xpos seems to be 100.01144pt,
(marginnote)             \marginnoteleftadjust ignored on input line 303.

Underfull \hbox (badness 10000) in paragraph at lines 303--304

 []


Underfull \hbox (badness 10000) in paragraph at lines 305--307

 []


Underfull \hbox (badness 10000) in paragraph at lines 310--312

 []


Underfull \hbox (badness 10000) in paragraph at lines 313--314

 []

[5]
Underfull \hbox (badness 10000) in paragraph at lines 317--319

 []


Underfull \hbox (badness 10000) in paragraph at lines 320--321

 []

Package marginnote Info: Margin note 6.1 is on absolute page 6
(marginnote)              on input line 324.
Package marginnote Info: right page because not two side mode on input line 324
.
Package marginnote Info: xpos seems to be 100.01144pt,
(marginnote)             \marginnoteleftadjust ignored on input line 324.

Underfull \hbox (badness 10000) in paragraph at lines 324--325

 []


Underfull \hbox (badness 10000) in paragraph at lines 327--328

 []

Package marginnote Info: Margin note 6.2 is on absolute page 6
(marginnote)              on input line 329.
Package marginnote Info: right page because not two side mode on input line 329
.
Package marginnote Info: xpos seems to be 100.01144pt,
(marginnote)             \marginnoteleftadjust ignored on input line 329.

Underfull \hbox (badness 10000) in paragraph at lines 329--330

 []

Package marginnote Info: Margin note 6.3 is on absolute page 6
(marginnote)              on input line 335.
Package marginnote Info: right page because not two side mode on input line 335
.
Package marginnote Info: xpos seems to be 100.01144pt,
(marginnote)             \marginnoteleftadjust ignored on input line 335.

Underfull \hbox (badness 10000) in paragraph at lines 335--336

 []


Underfull \hbox (badness 10000) in paragraph at lines 337--338

 []

Package marginnote Info: Margin note 6.4 is on absolute page 6
(marginnote)              on input line 339.
Package marginnote Info: right page because not two side mode on input line 339
.
Package marginnote Info: xpos seems to be 100.01144pt,
(marginnote)             \marginnoteleftadjust ignored on input line 339.

Underfull \hbox (badness 10000) in paragraph at lines 339--340

 []


Underfull \hbox (badness 10000) in paragraph at lines 341--342

 []

[6]
Package marginnote Info: Margin note 7.1 is on absolute page 7
(marginnote)              on input line 345.
Package marginnote Info: right page because not two side mode on input line 345
.
Package marginnote Info: xpos seems to be 100.01144pt,
(marginnote)             \marginnoteleftadjust ignored on input line 345.

Underfull \hbox (badness 10000) in paragraph at lines 345--346

 []


Underfull \hbox (badness 10000) in paragraph at lines 347--348

 []

Package marginnote Info: Margin note 7.2 is on absolute page 7
(marginnote)              on input line 352.
Package marginnote Info: right page because not two side mode on input line 352
.
Package marginnote Info: xpos seems to be 100.01144pt,
(marginnote)             \marginnoteleftadjust ignored on input line 352.

Underfull \hbox (badness 10000) in paragraph at lines 352--353

 []

Package marginnote Info: Margin note 7.3 is on absolute page 7
(marginnote)              on input line 354.
Package marginnote Info: right page because not two side mode on input line 354
.
Package marginnote Info: xpos seems to be 100.01144pt,
(marginnote)             \marginnoteleftadjust ignored on input line 354.

Underfull \hbox (badness 10000) in paragraph at lines 354--355

 []


Underfull \hbox (badness 10000) in paragraph at lines 356--357

 []


Underfull \hbox (badness 10000) in paragraph at lines 358--359

 []


Underfull \hbox (badness 10000) in paragraph at lines 360--361

 []


Underfull \hbox (badness 10000) in paragraph at lines 364--365

 []


Underfull \hbox (badness 10000) in paragraph at lines 366--367

 []


Underfull \hbox (badness 10000) in paragraph at lines 368--369

 []

[7]
Underfull \hbox (badness 10000) in paragraph at lines 370--371

 []

Package marginnote Info: Margin note 8.1 is on absolute page 8
(marginnote)              on input line 374.
Package marginnote Info: right page because not two side mode on input line 374
.
Package marginnote Info: xpos seems to be 100.01144pt,
(marginnote)             \marginnoteleftadjust ignored on input line 374.

Underfull \hbox (badness 10000) in paragraph at lines 374--375

 []


Underfull \hbox (badness 10000) in paragraph at lines 376--377

 []


Underfull \hbox (badness 10000) in paragraph at lines 378--379

 []


Underfull \hbox (badness 10000) in paragraph at lines 380--381

 []


Underfull \hbox (badness 10000) in paragraph at lines 382--383

 []

Package marginnote Info: Margin note 8.2 is on absolute page 8
(marginnote)              on input line 384.
Package marginnote Info: right page because not two side mode on input line 384
.
Package marginnote Info: xpos seems to be 100.01144pt,
(marginnote)             \marginnoteleftadjust ignored on input line 384.

Underfull \hbox (badness 10000) in paragraph at lines 384--385

 []


Underfull \hbox (badness 10000) in paragraph at lines 388--389

 []


Underfull \hbox (badness 10000) in paragraph at lines 390--391

 []


Underfull \hbox (badness 10000) in paragraph at lines 392--395

 []


Underfull \hbox (badness 10000) in paragraph at lines 396--397

 []

Package marginnote Info: Margin note 8.3 is on absolute page 9
(marginnote)              on input line 401.
Package marginnote Info: right page because not two side mode on input line 401
.
Package marginnote Info: xpos seems to be 100.01144pt,
(marginnote)             \marginnoteleftadjust ignored on input line 401.
[8]
Underfull \hbox (badness 10000) in paragraph at lines 401--402

 []

Package marginnote Info: Margin note 9.1 is on absolute page 9
(marginnote)              on input line 405.
Package marginnote Info: right page because not two side mode on input line 405
.
Package marginnote Info: xpos seems to be 100.01144pt,
(marginnote)             \marginnoteleftadjust ignored on input line 405.

Underfull \hbox (badness 10000) in paragraph at lines 405--406

 []

Package marginnote Info: Margin note 9.2 is on absolute page 9
(marginnote)              on input line 407.
Package marginnote Info: right page because not two side mode on input line 407
.
Package marginnote Info: xpos seems to be 100.01144pt,
(marginnote)             \marginnoteleftadjust ignored on input line 407.

Underfull \hbox (badness 10000) in paragraph at lines 407--408

 []

Package marginnote Info: Margin note 9.3 is on absolute page 9
(marginnote)              on input line 415.
Package marginnote Info: right page because not two side mode on input line 415
.
Package marginnote Info: xpos seems to be 100.01144pt,
(marginnote)             \marginnoteleftadjust ignored on input line 415.

Underfull \hbox (badness 10000) in paragraph at lines 415--416

 []

Package marginnote Info: Margin note 9.4 is on absolute page 9
(marginnote)              on input line 417.
Package marginnote Info: right page because not two side mode on input line 417
.
Package marginnote Info: xpos seems to be 100.01144pt,
(marginnote)             \marginnoteleftadjust ignored on input line 417.

Underfull \hbox (badness 10000) in paragraph at lines 417--418

 []

Package marginnote Info: Margin note 9.5 is on absolute page 9
(marginnote)              on input line 439.
Package marginnote Info: right page because not two side mode on input line 439
.
Package marginnote Info: xpos seems to be 100.01144pt,
(marginnote)             \marginnoteleftadjust ignored on input line 439.

Underfull \hbox (badness 10000) in paragraph at lines 439--440

 []

Package marginnote Info: Margin note 9.6 is on absolute page 9
(marginnote)              on input line 441.
Package marginnote Info: right page because not two side mode on input line 441
.
Package marginnote Info: xpos seems to be 100.01144pt,
(marginnote)             \marginnoteleftadjust ignored on input line 441.

Underfull \hbox (badness 10000) in paragraph at lines 441--442

 []

Package marginnote Info: Margin note 9.7 is on absolute page 9
(marginnote)              on input line 443.
Package marginnote Info: right page because not two side mode on input line 443
.
Package marginnote Info: xpos seems to be 100.01144pt,
(marginnote)             \marginnoteleftadjust ignored on input line 443.

Underfull \hbox (badness 10000) in paragraph at lines 443--444

 []

Package marginnote Info: Margin note 9.8 is on absolute page 9
(marginnote)              on input line 448.
Package marginnote Info: right page because not two side mode on input line 448
.
Package marginnote Info: xpos seems to be 100.01144pt,
(marginnote)             \marginnoteleftadjust ignored on input line 448.

Underfull \hbox (badness 10000) in paragraph at lines 448--449

 []

Package marginnote Info: Margin note 9.9 is on absolute page 9
(marginnote)              on input line 450.
Package marginnote Info: right page because not two side mode on input line 450
.
Package marginnote Info: xpos seems to be 100.01144pt,
(marginnote)             \marginnoteleftadjust ignored on input line 450.

Underfull \hbox (badness 10000) in paragraph at lines 450--451

 []


Underfull \hbox (badness 10000) in paragraph at lines 452--453

 []

[9]
Underfull \hbox (badness 10000) in paragraph at lines 454--455

 []

Package marginnote Info: Margin note 10.1 is on absolute page 10
(marginnote)              on input line 456.
Package marginnote Info: right page because not two side mode on input line 456
.
Package marginnote Info: xpos seems to be 100.01144pt,
(marginnote)             \marginnoteleftadjust ignored on input line 456.

Underfull \hbox (badness 10000) in paragraph at lines 456--457

 []

Package marginnote Info: Margin note 10.2 is on absolute page 10
(marginnote)              on input line 458.
Package marginnote Info: right page because not two side mode on input line 458
.
Package marginnote Info: xpos seems to be 100.01144pt,
(marginnote)             \marginnoteleftadjust ignored on input line 458.

Underfull \hbox (badness 10000) in paragraph at lines 458--459

 []

Package marginnote Info: Margin note 10.3 is on absolute page 10
(marginnote)              on input line 460.
Package marginnote Info: right page because not two side mode on input line 460
.
Package marginnote Info: xpos seems to be 100.01144pt,
(marginnote)             \marginnoteleftadjust ignored on input line 460.

Underfull \hbox (badness 10000) in paragraph at lines 460--461

 []

Package marginnote Info: Margin note 10.4 is on absolute page 10
(marginnote)              on input line 465.
Package marginnote Info: right page because not two side mode on input line 465
.
Package marginnote Info: xpos seems to be 100.01144pt,
(marginnote)             \marginnoteleftadjust ignored on input line 465.

Underfull \hbox (badness 10000) in paragraph at lines 465--466

 []


Underfull \hbox (badness 10000) in paragraph at lines 467--468

 []

Package marginnote Info: Margin note 10.5 is on absolute page 10
(marginnote)              on input line 469.
Package marginnote Info: right page because not two side mode on input line 469
.
Package marginnote Info: xpos seems to be 100.01144pt,
(marginnote)             \marginnoteleftadjust ignored on input line 469.

Underfull \hbox (badness 10000) in paragraph at lines 469--470

 []

Package marginnote Info: Margin note 10.6 is on absolute page 10
(marginnote)              on input line 471.
Package marginnote Info: right page because not two side mode on input line 471
.
Package marginnote Info: xpos seems to be 100.01144pt,
(marginnote)             \marginnoteleftadjust ignored on input line 471.

Underfull \hbox (badness 10000) in paragraph at lines 471--472

 []


Underfull \hbox (badness 10000) in paragraph at lines 481--482

 []


Underfull \hbox (badness 10000) in paragraph at lines 483--485

 []

[10]
Package marginnote Info: Margin note 11.1 is on absolute page 11
(marginnote)              on input line 496.
Package marginnote Info: right page because not two side mode on input line 496
.
Package marginnote Info: xpos seems to be 100.01144pt,
(marginnote)             \marginnoteleftadjust ignored on input line 496.

Underfull \hbox (badness 10000) in paragraph at lines 496--497

 []

Package marginnote Info: Margin note 11.2 is on absolute page 11
(marginnote)              on input line 498.
Package marginnote Info: right page because not two side mode on input line 498
.
Package marginnote Info: xpos seems to be 100.01144pt,
(marginnote)             \marginnoteleftadjust ignored on input line 498.

Underfull \hbox (badness 10000) in paragraph at lines 498--499

 []

Package marginnote Info: Margin note 11.3 is on absolute page 11
(marginnote)              on input line 500.
Package marginnote Info: right page because not two side mode on input line 500
.
Package marginnote Info: xpos seems to be 100.01144pt,
(marginnote)             \marginnoteleftadjust ignored on input line 500.

Underfull \hbox (badness 10000) in paragraph at lines 500--501

 []

Package marginnote Info: Margin note 11.4 is on absolute page 11
(marginnote)              on input line 504.
Package marginnote Info: right page because not two side mode on input line 504
.
Package marginnote Info: xpos seems to be 100.01144pt,
(marginnote)             \marginnoteleftadjust ignored on input line 504.

Underfull \hbox (badness 10000) in paragraph at lines 504--506

 []

Package marginnote Info: Margin note 11.5 is on absolute page 11
(marginnote)              on input line 509.
Package marginnote Info: right page because not two side mode on input line 509
.
Package marginnote Info: xpos seems to be 100.01144pt,
(marginnote)             \marginnoteleftadjust ignored on input line 509.

Underfull \hbox (badness 10000) in paragraph at lines 509--510

 []

Package marginnote Info: Margin note 11.6 is on absolute page 11
(marginnote)              on input line 514.
Package marginnote Info: right page because not two side mode on input line 514
.
Package marginnote Info: xpos seems to be 100.01144pt,
(marginnote)             \marginnoteleftadjust ignored on input line 514.

Underfull \hbox (badness 10000) in paragraph at lines 514--515

 []

Package marginnote Info: Margin note 11.7 is on absolute page 11
(marginnote)              on input line 519.
Package marginnote Info: right page because not two side mode on input line 519
.
Package marginnote Info: xpos seems to be 100.01144pt,
(marginnote)             \marginnoteleftadjust ignored on input line 519.

Underfull \hbox (badness 10000) in paragraph at lines 519--520

 []

Package marginnote Info: Margin note 11.8 is on absolute page 11
(marginnote)              on input line 523.
Package marginnote Info: right page because not two side mode on input line 523
.
Package marginnote Info: xpos seems to be 100.01144pt,
(marginnote)             \marginnoteleftadjust ignored on input line 523.

Underfull \hbox (badness 10000) in paragraph at lines 523--524

 []

Package marginnote Info: Margin note 11.9 is on absolute page 11
(marginnote)              on input line 527.
Package marginnote Info: right page because not two side mode on input line 527
.
Package marginnote Info: xpos seems to be 100.01144pt,
(marginnote)             \marginnoteleftadjust ignored on input line 527.

Underfull \hbox (badness 10000) in paragraph at lines 527--528

 []

Package marginnote Info: Margin note 11.10 is on absolute page 11
(marginnote)              on input line 532.
Package marginnote Info: right page because not two side mode on input line 532
.
Package marginnote Info: xpos seems to be 100.01144pt,
(marginnote)             \marginnoteleftadjust ignored on input line 532.

Underfull \hbox (badness 10000) in paragraph at lines 532--533

 []

Package marginnote Info: Margin note 11.11 is on absolute page 11
(marginnote)              on input line 536.
Package marginnote Info: right page because not two side mode on input line 536
.
Package marginnote Info: xpos seems to be 100.01144pt,
(marginnote)             \marginnoteleftadjust ignored on input line 536.

Overfull \hbox (10.84906pt too wide) in paragraph at lines 536--537
[]\TU/lmr/m/n/10.95 NetLogo EduLABSS School, LABSS - Laboratory for Social Si
mulation, ISTC/CNR,
 []

Package marginnote Info: Margin note 11.12 is on absolute page 12
(marginnote)              on input line 552.
Package marginnote Info: right page because not two side mode on input line 552
.
Package marginnote Info: xpos seems to be 100.01144pt,
(marginnote)             \marginnoteleftadjust ignored on input line 552.
[11]
Underfull \hbox (badness 10000) in paragraph at lines 552--553

 []

Package marginnote Info: Margin note 12.1 is on absolute page 12
(marginnote)              on input line 554.
Package marginnote Info: right page because not two side mode on input line 554
.
Package marginnote Info: xpos seems to be 100.01144pt,
(marginnote)             \marginnoteleftadjust ignored on input line 554.

Underfull \hbox (badness 10000) in paragraph at lines 554--555

 []

Package marginnote Info: Margin note 12.2 is on absolute page 12
(marginnote)              on input line 558.
Package marginnote Info: right page because not two side mode on input line 558
.
Package marginnote Info: xpos seems to be 100.01144pt,
(marginnote)             \marginnoteleftadjust ignored on input line 558.
Package atveryend Info: Empty hook `BeforeClearDocument' on input line 599.
[12]
Package atveryend Info: Empty hook `AfterLastShipout' on input line 599.
 (./cvA.aux)
Package atveryend Info: Empty hook `AtVeryEndDocument' on input line 599.
Package atveryend Info: Executing hook `AtEndAfterFileList' on input line 599.
Package rerunfilecheck Info: File `cvA.out' has not changed.
(rerunfilecheck)             Checksum: D41D8CD98F00B204E9800998ECF8427E.


LaTeX Font Warning: Some font shapes were not available, defaults substituted.

 ) 
Here is how much of TeX's memory you used:
 23145 strings out of 492970
 423825 string characters out of 6133938
 523384 words of memory out of 5000000
 27014 multiletter control sequences out of 15000+600000
 533629 words of font info for 52 fonts, out of 8000000 for 9000
 1348 hyphenation exceptions out of 8191
 45i,11n,43p,10467b,360s stack positions out of 5000i,500n,10000p,200000b,80000s

Output written on cvA.pdf (12 pages).
